{"name":"app","hostname":"sbauscatherine2","pid":18934,"component":"morpheus","level":30,"msg":"creating express application","time":"2016-05-22T17:40:25.274Z","v":0}
{"name":"app","hostname":"sbauscatherine2","pid":18934,"component":"morpheus","level":30,"msg":"Worker 18934 is running morpheus@0.0.1-alpha1 in development mode on port 3000","time":"2016-05-22T17:40:25.336Z","v":0}
{"name":"app","hostname":"sbauscatherine2","pid":18934,"component":"express-loader","level":30,"msg":"/ - GET - 200","time":"2016-05-22T17:40:48.124Z","v":0}
{"name":"app","hostname":"sbauscatherine2","pid":18934,"component":"express-loader","level":30,"msg":"/assets/dist/main.css - GET - 200","time":"2016-05-22T17:40:48.253Z","v":0}
{"name":"app","hostname":"sbauscatherine2","pid":18934,"component":"express-loader","level":30,"msg":"/assets/dist/bundle.js - GET - 200","time":"2016-05-22T17:40:48.254Z","v":0}
{"name":"app","hostname":"sbauscatherine2","pid":18934,"component":"express-loader","level":30,"msg":"/assets/fonts/ionicons.ttf?v=1.5.2 - GET - 200","time":"2016-05-22T17:40:48.277Z","v":0}
{"name":"app","hostname":"sbauscatherine2","pid":18934,"component":"express-loader","level":30,"msg":"/assets/img/loader.svg - GET - 200","time":"2016-05-22T17:40:48.608Z","v":0}
{"name":"app","hostname":"sbauscatherine2","pid":19460,"component":"morpheus","level":30,"msg":"creating express application","time":"2016-05-22T17:44:22.804Z","v":0}
{"name":"app","hostname":"sbauscatherine2","pid":19460,"component":"morpheus","level":30,"msg":"Worker 19460 is running morpheus@0.0.1-alpha1 in development mode on port 3000","time":"2016-05-22T17:44:22.873Z","v":0}
{"name":"app","hostname":"sbauscatherine2","pid":19460,"component":"express-loader","level":30,"msg":"/assets/dist/main.css - GET - 200","time":"2016-05-22T17:49:45.639Z","v":0}
{"name":"app","hostname":"sbauscatherine2","pid":19460,"component":"express-loader","level":30,"msg":"/assets/dist/main.css.map - GET - 200","time":"2016-05-22T17:49:45.709Z","v":0}
{"name":"app","hostname":"sbauscatherine2","pid":19460,"component":"express-loader","level":30,"msg":"/ - GET - 200","time":"2016-05-22T17:52:06.563Z","v":0}
{"name":"app","hostname":"sbauscatherine2","pid":19460,"component":"express-loader","level":30,"msg":"/assets/dist/main.css - GET - 200","time":"2016-05-22T17:52:06.710Z","v":0}
{"name":"app","hostname":"sbauscatherine2","pid":19460,"component":"express-loader","level":30,"msg":"/assets/dist/bundle.js - GET - 200","time":"2016-05-22T17:52:06.710Z","v":0}
{"name":"app","hostname":"sbauscatherine2","pid":19460,"component":"express-loader","level":30,"msg":"/assets/dist/main.css.map - GET - 200","time":"2016-05-22T17:52:06.821Z","v":0}
{"name":"app","hostname":"sbauscatherine2","pid":19460,"component":"express-loader","level":30,"msg":"/assets/dist/images/bg.jpg - GET - 200","time":"2016-05-22T17:52:07.064Z","v":0}
{"name":"app","hostname":"sbauscatherine2","pid":19460,"component":"express-loader","level":30,"msg":"/images/bg.jpg - GET - 200","time":"2016-05-22T17:52:07.065Z","v":0}
{"name":"app","hostname":"sbauscatherine2","pid":19460,"component":"express-loader","level":30,"msg":"/assets/img/loader.svg - GET - 200","time":"2016-05-22T17:52:07.066Z","v":0}
{"name":"app","hostname":"sbauscatherine2","pid":19460,"component":"express-loader","level":30,"msg":"/assets/dist/images/bg.jpg/ - GET - 200","time":"2016-05-22T17:52:07.147Z","v":0}
{"name":"app","hostname":"sbauscatherine2","pid":19460,"component":"express-loader","level":30,"msg":"/images/bg.jpg/ - GET - 200","time":"2016-05-22T17:52:07.148Z","v":0}
{"name":"app","hostname":"sbauscatherine2","pid":19460,"level":50,"err":"Error: Url does not exist\n    at module.exports (/Users/catherinesil/Desktop/Projects/my-website/node_modules/flux-router-component/actions/navigate.js:30:19)\n    at Immediate.executeActionImmediate [as _onImmediate] (/Users/catherinesil/Desktop/Projects/my-website/node_modules/fluxible/lib/FluxibleContext.js:87:9)\n    at processImmediate [as _immediateCallback] (timers.js:383:17)","msg":"There was an error while handling the request","time":"2016-05-22T17:52:07.155Z","v":0}
{"name":"app","hostname":"sbauscatherine2","pid":19460,"level":50,"err":"Error\n    at new NotFound (/Users/catherinesil/Desktop/Projects/my-website/server/errors/not-found.js:7:16)\n    at /Users/catherinesil/Desktop/Projects/my-website/server/file-system-repository-strategy/content-repository.js:190:16\n    at f (/Users/catherinesil/Desktop/Projects/my-website/node_modules/once/once.js:17:25)\n    at Glob.<anonymous> (/Users/catherinesil/Desktop/Projects/my-website/node_modules/glob/glob.js:130:7)\n    at emitOne (events.js:77:13)\n    at Glob.emit (events.js:169:7)\n    at Glob._finish (/Users/catherinesil/Desktop/Projects/my-website/node_modules/glob/glob.js:167:8)\n    at done (/Users/catherinesil/Desktop/Projects/my-website/node_modules/glob/glob.js:156:12)\n    at Glob._processSimple2 (/Users/catherinesil/Desktop/Projects/my-website/node_modules/glob/glob.js:570:12)\n    at /Users/catherinesil/Desktop/Projects/my-website/node_modules/glob/glob.js:558:10","msg":"There was an error while handling the request","time":"2016-05-22T17:52:07.164Z","v":0}
{"name":"app","hostname":"sbauscatherine2","pid":19874,"component":"morpheus","level":30,"msg":"creating express application","time":"2016-05-22T17:56:10.786Z","v":0}
{"name":"app","hostname":"sbauscatherine2","pid":19874,"component":"morpheus","level":30,"msg":"Worker 19874 is running morpheus@0.0.1-alpha1 in development mode on port 3000","time":"2016-05-22T17:56:10.853Z","v":0}
{"name":"app","hostname":"sbauscatherine2","pid":19874,"component":"express-loader","level":30,"msg":"/ - GET - 200","time":"2016-05-22T17:56:11.473Z","v":0}
{"name":"app","hostname":"sbauscatherine2","pid":19874,"component":"express-loader","level":30,"msg":"/assets/dist/main.css - GET - 200","time":"2016-05-22T17:56:11.631Z","v":0}
{"name":"app","hostname":"sbauscatherine2","pid":19874,"component":"express-loader","level":30,"msg":"/assets/dist/bundle.js - GET - 200","time":"2016-05-22T17:56:11.632Z","v":0}
{"name":"app","hostname":"sbauscatherine2","pid":19874,"component":"express-loader","level":30,"msg":"/assets/dist/main.css.map - GET - 200","time":"2016-05-22T17:56:11.683Z","v":0}
{"name":"app","hostname":"sbauscatherine2","pid":19874,"component":"express-loader","level":30,"msg":"/assets/dist/images/bg.jpg - GET - 200","time":"2016-05-22T17:56:11.685Z","v":0}
{"name":"app","hostname":"sbauscatherine2","pid":19874,"component":"express-loader","level":30,"msg":"/images/bg.jpg - GET - 200","time":"2016-05-22T17:56:11.685Z","v":0}
{"name":"app","hostname":"sbauscatherine2","pid":19874,"component":"express-loader","level":30,"msg":"/assets/dist/images/bg.jpg/ - GET - 200","time":"2016-05-22T17:56:11.704Z","v":0}
{"name":"app","hostname":"sbauscatherine2","pid":19874,"component":"express-loader","level":30,"msg":"/images/bg.jpg/ - GET - 200","time":"2016-05-22T17:56:11.705Z","v":0}
{"name":"app","hostname":"sbauscatherine2","pid":19874,"level":50,"err":"Error: Url does not exist\n    at module.exports (/Users/catherinesil/Desktop/Projects/my-website/node_modules/flux-router-component/actions/navigate.js:30:19)\n    at Immediate.executeActionImmediate [as _onImmediate] (/Users/catherinesil/Desktop/Projects/my-website/node_modules/fluxible/lib/FluxibleContext.js:87:9)\n    at processImmediate [as _immediateCallback] (timers.js:383:17)","msg":"There was an error while handling the request","time":"2016-05-22T17:56:11.711Z","v":0}
{"name":"app","hostname":"sbauscatherine2","pid":19874,"level":50,"err":"Error\n    at new NotFound (/Users/catherinesil/Desktop/Projects/my-website/server/errors/not-found.js:7:16)\n    at /Users/catherinesil/Desktop/Projects/my-website/server/file-system-repository-strategy/content-repository.js:190:16\n    at f (/Users/catherinesil/Desktop/Projects/my-website/node_modules/once/once.js:17:25)\n    at Glob.<anonymous> (/Users/catherinesil/Desktop/Projects/my-website/node_modules/glob/glob.js:130:7)\n    at emitOne (events.js:77:13)\n    at Glob.emit (events.js:169:7)\n    at Glob._finish (/Users/catherinesil/Desktop/Projects/my-website/node_modules/glob/glob.js:167:8)\n    at done (/Users/catherinesil/Desktop/Projects/my-website/node_modules/glob/glob.js:156:12)\n    at Glob._processSimple2 (/Users/catherinesil/Desktop/Projects/my-website/node_modules/glob/glob.js:570:12)\n    at /Users/catherinesil/Desktop/Projects/my-website/node_modules/glob/glob.js:558:10","msg":"There was an error while handling the request","time":"2016-05-22T17:56:11.720Z","v":0}
{"name":"app","hostname":"sbauscatherine2","pid":19874,"component":"express-loader","level":30,"msg":"/assets/img/loader.svg - GET - 200","time":"2016-05-22T17:56:12.090Z","v":0}
{"name":"app","hostname":"sbauscatherine2","pid":19954,"component":"morpheus","level":30,"msg":"creating express application","time":"2016-05-22T17:58:14.530Z","v":0}
{"name":"app","hostname":"sbauscatherine2","pid":19954,"component":"morpheus","level":30,"msg":"Worker 19954 is running morpheus@0.0.1-alpha1 in development mode on port 3000","time":"2016-05-22T17:58:14.592Z","v":0}
{"name":"app","hostname":"sbauscatherine2","pid":19980,"component":"morpheus","level":30,"msg":"creating express application","time":"2016-05-22T17:59:22.737Z","v":0}
{"name":"app","hostname":"sbauscatherine2","pid":19980,"component":"morpheus","level":30,"msg":"Worker 19980 is running morpheus@0.0.1-alpha1 in development mode on port 3000","time":"2016-05-22T17:59:22.795Z","v":0}
{"name":"app","hostname":"sbauscatherine2","pid":19993,"component":"morpheus","level":30,"msg":"creating express application","time":"2016-05-22T18:00:04.442Z","v":0}
{"name":"app","hostname":"sbauscatherine2","pid":19993,"component":"morpheus","level":30,"msg":"Worker 19993 is running morpheus@0.0.1-alpha1 in development mode on port 3000","time":"2016-05-22T18:00:04.502Z","v":0}
{"name":"app","hostname":"sbauscatherine2","pid":19993,"component":"express-loader","level":30,"msg":"/ - GET - 200","time":"2016-05-22T18:00:04.558Z","v":0}
{"name":"app","hostname":"sbauscatherine2","pid":19993,"component":"express-loader","level":30,"msg":"/assets/dist/main.css - GET - 200","time":"2016-05-22T18:00:04.707Z","v":0}
{"name":"app","hostname":"sbauscatherine2","pid":19993,"component":"express-loader","level":30,"msg":"/assets/dist/bundle.js - GET - 200","time":"2016-05-22T18:00:04.709Z","v":0}
{"name":"app","hostname":"sbauscatherine2","pid":19993,"component":"express-loader","level":30,"msg":"/assets/dist/main.css.map - GET - 200","time":"2016-05-22T18:00:04.759Z","v":0}
{"name":"app","hostname":"sbauscatherine2","pid":19993,"component":"express-loader","level":30,"msg":"/assets/dist/images/bg.jpg - GET - 200","time":"2016-05-22T18:00:04.763Z","v":0}
{"name":"app","hostname":"sbauscatherine2","pid":19993,"component":"express-loader","level":30,"msg":"/images/bg.jpg - GET - 200","time":"2016-05-22T18:00:04.764Z","v":0}
{"name":"app","hostname":"sbauscatherine2","pid":19993,"component":"express-loader","level":30,"msg":"/assets/dist/images/bg.jpg/ - GET - 200","time":"2016-05-22T18:00:04.786Z","v":0}
{"name":"app","hostname":"sbauscatherine2","pid":19993,"component":"express-loader","level":30,"msg":"/images/bg.jpg/ - GET - 200","time":"2016-05-22T18:00:04.788Z","v":0}
{"name":"app","hostname":"sbauscatherine2","pid":19993,"level":50,"err":"Error: Url does not exist\n    at module.exports (/Users/catherinesil/Desktop/Projects/my-website/node_modules/flux-router-component/actions/navigate.js:30:19)\n    at Immediate.executeActionImmediate [as _onImmediate] (/Users/catherinesil/Desktop/Projects/my-website/node_modules/fluxible/lib/FluxibleContext.js:87:9)\n    at processImmediate [as _immediateCallback] (timers.js:383:17)","msg":"There was an error while handling the request","time":"2016-05-22T18:00:04.797Z","v":0}
{"name":"app","hostname":"sbauscatherine2","pid":19993,"level":50,"err":"Error\n    at new NotFound (/Users/catherinesil/Desktop/Projects/my-website/server/errors/not-found.js:7:16)\n    at /Users/catherinesil/Desktop/Projects/my-website/server/file-system-repository-strategy/content-repository.js:190:16\n    at f (/Users/catherinesil/Desktop/Projects/my-website/node_modules/once/once.js:17:25)\n    at Glob.<anonymous> (/Users/catherinesil/Desktop/Projects/my-website/node_modules/glob/glob.js:130:7)\n    at emitOne (events.js:77:13)\n    at Glob.emit (events.js:169:7)\n    at Glob._finish (/Users/catherinesil/Desktop/Projects/my-website/node_modules/glob/glob.js:167:8)\n    at done (/Users/catherinesil/Desktop/Projects/my-website/node_modules/glob/glob.js:156:12)\n    at Glob._processSimple2 (/Users/catherinesil/Desktop/Projects/my-website/node_modules/glob/glob.js:570:12)\n    at /Users/catherinesil/Desktop/Projects/my-website/node_modules/glob/glob.js:558:10","msg":"There was an error while handling the request","time":"2016-05-22T18:00:04.805Z","v":0}
{"name":"app","hostname":"sbauscatherine2","pid":19993,"component":"express-loader","level":30,"msg":"/assets/img/loader.svg - GET - 200","time":"2016-05-22T18:00:05.092Z","v":0}
{"name":"app","hostname":"sbauscatherine2","pid":19993,"component":"express-loader","level":30,"msg":"/ - GET - 200","time":"2016-05-22T18:00:24.715Z","v":0}
{"name":"app","hostname":"sbauscatherine2","pid":19993,"component":"express-loader","level":30,"msg":"/assets/dist/main.css - GET - 200","time":"2016-05-22T18:00:24.810Z","v":0}
{"name":"app","hostname":"sbauscatherine2","pid":19993,"component":"express-loader","level":30,"msg":"/assets/dist/bundle.js - GET - 200","time":"2016-05-22T18:00:24.810Z","v":0}
{"name":"app","hostname":"sbauscatherine2","pid":19993,"component":"express-loader","level":30,"msg":"/assets/dist/main.css.map - GET - 200","time":"2016-05-22T18:00:24.877Z","v":0}
{"name":"app","hostname":"sbauscatherine2","pid":19993,"component":"express-loader","level":30,"msg":"/assets/dist/images/bg.jpg - GET - 200","time":"2016-05-22T18:00:24.883Z","v":0}
{"name":"app","hostname":"sbauscatherine2","pid":19993,"component":"express-loader","level":30,"msg":"/images/bg.jpg - GET - 200","time":"2016-05-22T18:00:24.885Z","v":0}
{"name":"app","hostname":"sbauscatherine2","pid":19993,"component":"express-loader","level":30,"msg":"/assets/dist/images/bg.jpg/ - GET - 200","time":"2016-05-22T18:00:24.904Z","v":0}
{"name":"app","hostname":"sbauscatherine2","pid":19993,"component":"express-loader","level":30,"msg":"/images/bg.jpg/ - GET - 200","time":"2016-05-22T18:00:24.905Z","v":0}
{"name":"app","hostname":"sbauscatherine2","pid":19993,"level":50,"err":"Error: Url does not exist\n    at module.exports (/Users/catherinesil/Desktop/Projects/my-website/node_modules/flux-router-component/actions/navigate.js:30:19)\n    at Immediate.executeActionImmediate [as _onImmediate] (/Users/catherinesil/Desktop/Projects/my-website/node_modules/fluxible/lib/FluxibleContext.js:87:9)\n    at processImmediate [as _immediateCallback] (timers.js:383:17)","msg":"There was an error while handling the request","time":"2016-05-22T18:00:24.907Z","v":0}
{"name":"app","hostname":"sbauscatherine2","pid":19993,"level":50,"err":"Error\n    at new NotFound (/Users/catherinesil/Desktop/Projects/my-website/server/errors/not-found.js:7:16)\n    at /Users/catherinesil/Desktop/Projects/my-website/server/file-system-repository-strategy/content-repository.js:190:16\n    at f (/Users/catherinesil/Desktop/Projects/my-website/node_modules/once/once.js:17:25)\n    at Glob.<anonymous> (/Users/catherinesil/Desktop/Projects/my-website/node_modules/glob/glob.js:130:7)\n    at emitOne (events.js:77:13)\n    at Glob.emit (events.js:169:7)\n    at Glob._finish (/Users/catherinesil/Desktop/Projects/my-website/node_modules/glob/glob.js:167:8)\n    at done (/Users/catherinesil/Desktop/Projects/my-website/node_modules/glob/glob.js:156:12)\n    at Glob._processSimple2 (/Users/catherinesil/Desktop/Projects/my-website/node_modules/glob/glob.js:570:12)\n    at /Users/catherinesil/Desktop/Projects/my-website/node_modules/glob/glob.js:558:10","msg":"There was an error while handling the request","time":"2016-05-22T18:00:24.910Z","v":0}
{"name":"app","hostname":"sbauscatherine2","pid":19993,"component":"express-loader","level":30,"msg":"/assets/img/loader.svg - GET - 200","time":"2016-05-22T18:00:25.410Z","v":0}
{"name":"app","hostname":"sbauscatherine2","pid":20007,"component":"morpheus","level":30,"msg":"creating express application","time":"2016-05-22T18:00:33.299Z","v":0}
{"name":"app","hostname":"sbauscatherine2","pid":20007,"component":"morpheus","level":30,"msg":"Worker 20007 is running morpheus@0.0.1-alpha1 in development mode on port 3000","time":"2016-05-22T18:00:33.355Z","v":0}
{"name":"app","hostname":"sbauscatherine2","pid":20007,"component":"express-loader","level":30,"msg":"/ - GET - 200","time":"2016-05-22T18:00:34.237Z","v":0}
{"name":"app","hostname":"sbauscatherine2","pid":20007,"component":"express-loader","level":30,"msg":"/assets/dist/main.css - GET - 200","time":"2016-05-22T18:00:34.367Z","v":0}
{"name":"app","hostname":"sbauscatherine2","pid":20007,"component":"express-loader","level":30,"msg":"/assets/dist/bundle.js - GET - 200","time":"2016-05-22T18:00:34.368Z","v":0}
{"name":"app","hostname":"sbauscatherine2","pid":20007,"component":"express-loader","level":30,"msg":"/assets/dist/main.css.map - GET - 200","time":"2016-05-22T18:00:34.533Z","v":0}
{"name":"app","hostname":"sbauscatherine2","pid":20007,"component":"express-loader","level":30,"msg":"/assets/dist/images/bg.jpg - GET - 200","time":"2016-05-22T18:00:34.757Z","v":0}
{"name":"app","hostname":"sbauscatherine2","pid":20007,"component":"express-loader","level":30,"msg":"/images/bg.jpg - GET - 200","time":"2016-05-22T18:00:34.757Z","v":0}
{"name":"app","hostname":"sbauscatherine2","pid":20007,"component":"express-loader","level":30,"msg":"/assets/img/loader.svg - GET - 200","time":"2016-05-22T18:00:34.758Z","v":0}
{"name":"app","hostname":"sbauscatherine2","pid":20007,"component":"express-loader","level":30,"msg":"/assets/dist/images/bg.jpg/ - GET - 200","time":"2016-05-22T18:00:34.845Z","v":0}
{"name":"app","hostname":"sbauscatherine2","pid":20007,"component":"express-loader","level":30,"msg":"/images/bg.jpg/ - GET - 200","time":"2016-05-22T18:00:34.845Z","v":0}
{"name":"app","hostname":"sbauscatherine2","pid":20007,"level":50,"err":"Error: Url does not exist\n    at module.exports (/Users/catherinesil/Desktop/Projects/my-website/node_modules/flux-router-component/actions/navigate.js:30:19)\n    at Immediate.executeActionImmediate [as _onImmediate] (/Users/catherinesil/Desktop/Projects/my-website/node_modules/fluxible/lib/FluxibleContext.js:87:9)\n    at processImmediate [as _immediateCallback] (timers.js:383:17)","msg":"There was an error while handling the request","time":"2016-05-22T18:00:34.852Z","v":0}
{"name":"app","hostname":"sbauscatherine2","pid":20007,"level":50,"err":"Error\n    at new NotFound (/Users/catherinesil/Desktop/Projects/my-website/server/errors/not-found.js:7:16)\n    at /Users/catherinesil/Desktop/Projects/my-website/server/file-system-repository-strategy/content-repository.js:190:16\n    at f (/Users/catherinesil/Desktop/Projects/my-website/node_modules/once/once.js:17:25)\n    at Glob.<anonymous> (/Users/catherinesil/Desktop/Projects/my-website/node_modules/glob/glob.js:130:7)\n    at emitOne (events.js:77:13)\n    at Glob.emit (events.js:169:7)\n    at Glob._finish (/Users/catherinesil/Desktop/Projects/my-website/node_modules/glob/glob.js:167:8)\n    at done (/Users/catherinesil/Desktop/Projects/my-website/node_modules/glob/glob.js:156:12)\n    at Glob._processSimple2 (/Users/catherinesil/Desktop/Projects/my-website/node_modules/glob/glob.js:570:12)\n    at /Users/catherinesil/Desktop/Projects/my-website/node_modules/glob/glob.js:558:10","msg":"There was an error while handling the request","time":"2016-05-22T18:00:34.861Z","v":0}
{"name":"app","hostname":"sbauscatherine2","pid":20724,"component":"morpheus","level":30,"msg":"creating express application","time":"2016-05-22T18:02:16.199Z","v":0}
{"name":"app","hostname":"sbauscatherine2","pid":20724,"component":"morpheus","level":30,"msg":"Worker 20724 is running morpheus@0.0.1-alpha1 in development mode on port 3000","time":"2016-05-22T18:02:16.263Z","v":0}
{"name":"app","hostname":"sbauscatherine2","pid":21677,"component":"morpheus","level":30,"msg":"creating express application","time":"2016-05-22T18:02:22.580Z","v":0}
{"name":"app","hostname":"sbauscatherine2","pid":21677,"component":"morpheus","level":30,"msg":"Worker 21677 is running morpheus@0.0.1-alpha1 in development mode on port 3000","time":"2016-05-22T18:02:22.648Z","v":0}
{"name":"app","hostname":"sbauscatherine2","pid":23004,"component":"morpheus","level":30,"msg":"creating express application","time":"2016-05-22T18:02:31.412Z","v":0}
{"name":"app","hostname":"sbauscatherine2","pid":23004,"component":"morpheus","level":30,"msg":"Worker 23004 is running morpheus@0.0.1-alpha1 in development mode on port 3000","time":"2016-05-22T18:02:31.474Z","v":0}
{"name":"app","hostname":"sbauscatherine2","pid":23004,"component":"express-loader","level":30,"msg":"/ - GET - 200","time":"2016-05-22T18:02:40.419Z","v":0}
{"name":"app","hostname":"sbauscatherine2","pid":23004,"component":"express-loader","level":30,"msg":"/assets/dist/main.css - GET - 200","time":"2016-05-22T18:02:40.561Z","v":0}
{"name":"app","hostname":"sbauscatherine2","pid":23004,"component":"express-loader","level":30,"msg":"/assets/dist/bundle.js - GET - 200","time":"2016-05-22T18:02:40.562Z","v":0}
{"name":"app","hostname":"sbauscatherine2","pid":23004,"component":"express-loader","level":30,"msg":"/assets/dist/main.css.map - GET - 200","time":"2016-05-22T18:02:40.617Z","v":0}
{"name":"app","hostname":"sbauscatherine2","pid":23004,"component":"express-loader","level":30,"msg":"/assets/dist/images/bg.jpg - GET - 200","time":"2016-05-22T18:02:40.620Z","v":0}
{"name":"app","hostname":"sbauscatherine2","pid":23004,"component":"express-loader","level":30,"msg":"/images/bg.jpg - GET - 200","time":"2016-05-22T18:02:40.620Z","v":0}
{"name":"app","hostname":"sbauscatherine2","pid":23004,"component":"express-loader","level":30,"msg":"/assets/dist/images/bg.jpg/ - GET - 200","time":"2016-05-22T18:02:40.641Z","v":0}
{"name":"app","hostname":"sbauscatherine2","pid":23004,"component":"express-loader","level":30,"msg":"/images/bg.jpg/ - GET - 200","time":"2016-05-22T18:02:40.643Z","v":0}
{"name":"app","hostname":"sbauscatherine2","pid":23004,"level":50,"err":"Error: Url does not exist\n    at module.exports (/Users/catherinesil/Desktop/Projects/my-website/node_modules/flux-router-component/actions/navigate.js:30:19)\n    at Immediate.executeActionImmediate [as _onImmediate] (/Users/catherinesil/Desktop/Projects/my-website/node_modules/fluxible/lib/FluxibleContext.js:87:9)\n    at processImmediate [as _immediateCallback] (timers.js:383:17)","msg":"There was an error while handling the request","time":"2016-05-22T18:02:40.648Z","v":0}
{"name":"app","hostname":"sbauscatherine2","pid":23004,"level":50,"err":"Error\n    at new NotFound (/Users/catherinesil/Desktop/Projects/my-website/server/errors/not-found.js:7:16)\n    at /Users/catherinesil/Desktop/Projects/my-website/server/file-system-repository-strategy/content-repository.js:190:16\n    at f (/Users/catherinesil/Desktop/Projects/my-website/node_modules/once/once.js:17:25)\n    at Glob.<anonymous> (/Users/catherinesil/Desktop/Projects/my-website/node_modules/glob/glob.js:130:7)\n    at emitOne (events.js:77:13)\n    at Glob.emit (events.js:169:7)\n    at Glob._finish (/Users/catherinesil/Desktop/Projects/my-website/node_modules/glob/glob.js:167:8)\n    at done (/Users/catherinesil/Desktop/Projects/my-website/node_modules/glob/glob.js:156:12)\n    at Glob._processSimple2 (/Users/catherinesil/Desktop/Projects/my-website/node_modules/glob/glob.js:570:12)\n    at /Users/catherinesil/Desktop/Projects/my-website/node_modules/glob/glob.js:558:10","msg":"There was an error while handling the request","time":"2016-05-22T18:02:40.658Z","v":0}
{"name":"app","hostname":"sbauscatherine2","pid":23004,"component":"express-loader","level":30,"msg":"/assets/img/loader.svg - GET - 200","time":"2016-05-22T18:02:40.909Z","v":0}
{"name":"app","hostname":"sbauscatherine2","pid":23004,"component":"express-loader","level":30,"msg":"/assets/dist/main.css - GET - 200","time":"2016-05-22T18:09:16.846Z","v":0}
{"name":"app","hostname":"sbauscatherine2","pid":23004,"component":"express-loader","level":30,"msg":"/assets/dist/main.css.map - GET - 200","time":"2016-05-22T18:09:16.938Z","v":0}
{"name":"app","hostname":"sbauscatherine2","pid":23004,"component":"express-loader","level":30,"msg":"/ - GET - 200","time":"2016-05-22T18:14:40.040Z","v":0}
{"name":"app","hostname":"sbauscatherine2","pid":23004,"component":"express-loader","level":30,"msg":"/assets/dist/main.css - GET - 200","time":"2016-05-22T18:14:40.142Z","v":0}
{"name":"app","hostname":"sbauscatherine2","pid":23004,"component":"express-loader","level":30,"msg":"/assets/dist/bundle.js - GET - 200","time":"2016-05-22T18:14:40.142Z","v":0}
{"name":"app","hostname":"sbauscatherine2","pid":23004,"component":"express-loader","level":30,"msg":"/assets/dist/images/bg.jpg - GET - 200","time":"2016-05-22T18:14:40.205Z","v":0}
{"name":"app","hostname":"sbauscatherine2","pid":23004,"component":"express-loader","level":30,"msg":"/images/bg.jpg - GET - 200","time":"2016-05-22T18:14:40.205Z","v":0}
{"name":"app","hostname":"sbauscatherine2","pid":23004,"component":"express-loader","level":30,"msg":"/assets/dist/main.css.map - GET - 200","time":"2016-05-22T18:14:40.206Z","v":0}
{"name":"app","hostname":"sbauscatherine2","pid":23004,"component":"express-loader","level":30,"msg":"/assets/dist/images/bg.jpg/ - GET - 200","time":"2016-05-22T18:14:40.230Z","v":0}
{"name":"app","hostname":"sbauscatherine2","pid":23004,"component":"express-loader","level":30,"msg":"/images/bg.jpg/ - GET - 200","time":"2016-05-22T18:14:40.230Z","v":0}
{"name":"app","hostname":"sbauscatherine2","pid":23004,"level":50,"err":"Error: Url does not exist\n    at module.exports (/Users/catherinesil/Desktop/Projects/my-website/node_modules/flux-router-component/actions/navigate.js:30:19)\n    at Immediate.executeActionImmediate [as _onImmediate] (/Users/catherinesil/Desktop/Projects/my-website/node_modules/fluxible/lib/FluxibleContext.js:87:9)\n    at processImmediate [as _immediateCallback] (timers.js:383:17)","msg":"There was an error while handling the request","time":"2016-05-22T18:14:40.233Z","v":0}
{"name":"app","hostname":"sbauscatherine2","pid":23004,"level":50,"err":"Error\n    at new NotFound (/Users/catherinesil/Desktop/Projects/my-website/server/errors/not-found.js:7:16)\n    at /Users/catherinesil/Desktop/Projects/my-website/server/file-system-repository-strategy/content-repository.js:190:16\n    at f (/Users/catherinesil/Desktop/Projects/my-website/node_modules/once/once.js:17:25)\n    at Glob.<anonymous> (/Users/catherinesil/Desktop/Projects/my-website/node_modules/glob/glob.js:130:7)\n    at emitOne (events.js:77:13)\n    at Glob.emit (events.js:169:7)\n    at Glob._finish (/Users/catherinesil/Desktop/Projects/my-website/node_modules/glob/glob.js:167:8)\n    at done (/Users/catherinesil/Desktop/Projects/my-website/node_modules/glob/glob.js:156:12)\n    at Glob._processSimple2 (/Users/catherinesil/Desktop/Projects/my-website/node_modules/glob/glob.js:570:12)\n    at /Users/catherinesil/Desktop/Projects/my-website/node_modules/glob/glob.js:558:10","msg":"There was an error while handling the request","time":"2016-05-22T18:14:40.237Z","v":0}
{"name":"app","hostname":"sbauscatherine2","pid":23004,"component":"express-loader","level":30,"msg":"/assets/img/loader.svg - GET - 200","time":"2016-05-22T18:14:40.552Z","v":0}
{"name":"app","hostname":"sbauscatherine2","pid":23004,"component":"express-loader","level":30,"msg":"/assets/dist/images/bg.jpg - GET - 200","time":"2016-05-22T18:20:41.754Z","v":0}
{"name":"app","hostname":"sbauscatherine2","pid":23004,"component":"express-loader","level":30,"msg":"/images/bg.jpg - GET - 200","time":"2016-05-22T18:20:41.754Z","v":0}
{"name":"app","hostname":"sbauscatherine2","pid":23004,"component":"express-loader","level":30,"msg":"/assets/dist/images/bg.jpg - GET - 200","time":"2016-05-22T18:20:51.247Z","v":0}
{"name":"app","hostname":"sbauscatherine2","pid":23004,"component":"express-loader","level":30,"msg":"/images/bg.jpg - GET - 200","time":"2016-05-22T18:20:51.248Z","v":0}
{"name":"app","hostname":"sbauscatherine2","pid":23004,"component":"express-loader","level":30,"msg":"/ - GET - 200","time":"2016-05-22T18:22:10.067Z","v":0}
{"name":"app","hostname":"sbauscatherine2","pid":23004,"component":"express-loader","level":30,"msg":"/assets/dist/main.css - GET - 200","time":"2016-05-22T18:22:10.148Z","v":0}
{"name":"app","hostname":"sbauscatherine2","pid":23004,"component":"express-loader","level":30,"msg":"/assets/dist/bundle.js - GET - 200","time":"2016-05-22T18:22:10.148Z","v":0}
{"name":"app","hostname":"sbauscatherine2","pid":23004,"component":"express-loader","level":30,"msg":"/assets/dist/images/bg.jpg/ - GET - 200","time":"2016-05-22T18:22:10.187Z","v":0}
{"name":"app","hostname":"sbauscatherine2","pid":23004,"component":"express-loader","level":30,"msg":"/images/bg.jpg/ - GET - 200","time":"2016-05-22T18:22:10.187Z","v":0}
{"name":"app","hostname":"sbauscatherine2","pid":23004,"level":50,"err":"Error: Url does not exist\n    at module.exports (/Users/catherinesil/Desktop/Projects/my-website/node_modules/flux-router-component/actions/navigate.js:30:19)\n    at Immediate.executeActionImmediate [as _onImmediate] (/Users/catherinesil/Desktop/Projects/my-website/node_modules/fluxible/lib/FluxibleContext.js:87:9)\n    at processImmediate [as _immediateCallback] (timers.js:383:17)","msg":"There was an error while handling the request","time":"2016-05-22T18:22:10.191Z","v":0}
{"name":"app","hostname":"sbauscatherine2","pid":23004,"level":50,"err":"Error\n    at new NotFound (/Users/catherinesil/Desktop/Projects/my-website/server/errors/not-found.js:7:16)\n    at /Users/catherinesil/Desktop/Projects/my-website/server/file-system-repository-strategy/content-repository.js:190:16\n    at f (/Users/catherinesil/Desktop/Projects/my-website/node_modules/once/once.js:17:25)\n    at Glob.<anonymous> (/Users/catherinesil/Desktop/Projects/my-website/node_modules/glob/glob.js:130:7)\n    at emitOne (events.js:77:13)\n    at Glob.emit (events.js:169:7)\n    at Glob._finish (/Users/catherinesil/Desktop/Projects/my-website/node_modules/glob/glob.js:167:8)\n    at done (/Users/catherinesil/Desktop/Projects/my-website/node_modules/glob/glob.js:156:12)\n    at Glob._processSimple2 (/Users/catherinesil/Desktop/Projects/my-website/node_modules/glob/glob.js:570:12)\n    at /Users/catherinesil/Desktop/Projects/my-website/node_modules/glob/glob.js:558:10","msg":"There was an error while handling the request","time":"2016-05-22T18:22:10.197Z","v":0}
{"name":"app","hostname":"sbauscatherine2","pid":23004,"component":"express-loader","level":30,"msg":"/assets/img/loader.svg - GET - 200","time":"2016-05-22T18:22:10.446Z","v":0}
{"name":"app","hostname":"sbauscatherine2","pid":23004,"component":"express-loader","level":30,"msg":"/ - GET - 200","time":"2016-05-22T18:22:31.729Z","v":0}
{"name":"app","hostname":"sbauscatherine2","pid":23004,"component":"express-loader","level":30,"msg":"/assets/dist/main.css - GET - 200","time":"2016-05-22T18:22:31.812Z","v":0}
{"name":"app","hostname":"sbauscatherine2","pid":23004,"component":"express-loader","level":30,"msg":"/assets/dist/bundle.js - GET - 200","time":"2016-05-22T18:22:31.813Z","v":0}
{"name":"app","hostname":"sbauscatherine2","pid":23004,"component":"express-loader","level":30,"msg":"/assets/img/loader.svg - GET - 200","time":"2016-05-22T18:22:32.050Z","v":0}
{"name":"app","hostname":"sbauscatherine2","pid":23004,"component":"express-loader","level":30,"msg":"/assets/dist/images/bg.jpg/ - GET - 200","time":"2016-05-22T18:22:32.106Z","v":0}
{"name":"app","hostname":"sbauscatherine2","pid":23004,"component":"express-loader","level":30,"msg":"/images/bg.jpg/ - GET - 200","time":"2016-05-22T18:22:32.107Z","v":0}
{"name":"app","hostname":"sbauscatherine2","pid":23004,"level":50,"err":"Error: Url does not exist\n    at module.exports (/Users/catherinesil/Desktop/Projects/my-website/node_modules/flux-router-component/actions/navigate.js:30:19)\n    at Immediate.executeActionImmediate [as _onImmediate] (/Users/catherinesil/Desktop/Projects/my-website/node_modules/fluxible/lib/FluxibleContext.js:87:9)\n    at processImmediate [as _immediateCallback] (timers.js:383:17)","msg":"There was an error while handling the request","time":"2016-05-22T18:22:32.109Z","v":0}
{"name":"app","hostname":"sbauscatherine2","pid":23004,"level":50,"err":"Error\n    at new NotFound (/Users/catherinesil/Desktop/Projects/my-website/server/errors/not-found.js:7:16)\n    at /Users/catherinesil/Desktop/Projects/my-website/server/file-system-repository-strategy/content-repository.js:190:16\n    at f (/Users/catherinesil/Desktop/Projects/my-website/node_modules/once/once.js:17:25)\n    at Glob.<anonymous> (/Users/catherinesil/Desktop/Projects/my-website/node_modules/glob/glob.js:130:7)\n    at emitOne (events.js:77:13)\n    at Glob.emit (events.js:169:7)\n    at Glob._finish (/Users/catherinesil/Desktop/Projects/my-website/node_modules/glob/glob.js:167:8)\n    at done (/Users/catherinesil/Desktop/Projects/my-website/node_modules/glob/glob.js:156:12)\n    at Glob._processSimple2 (/Users/catherinesil/Desktop/Projects/my-website/node_modules/glob/glob.js:570:12)\n    at /Users/catherinesil/Desktop/Projects/my-website/node_modules/glob/glob.js:558:10","msg":"There was an error while handling the request","time":"2016-05-22T18:22:32.113Z","v":0}
{"name":"app","hostname":"sbauscatherine2","pid":23004,"component":"express-loader","level":30,"msg":"/assets/fonts/ionicons.ttf?v=1.5.2 - GET - 200","time":"2016-05-22T18:22:33.884Z","v":0}
{"name":"app","hostname":"sbauscatherine2","pid":23004,"component":"express-loader","level":30,"msg":"/api/resource/content;actionType=single;slug=welcome-to-cathy - GET - 200","time":"2016-05-22T18:22:33.901Z","v":0}
{"name":"app","hostname":"sbauscatherine2","pid":23004,"component":"express-loader","level":30,"msg":"/2016/05/22/welcome-to-cathy/ - GET - 200","time":"2016-05-22T18:22:59.033Z","v":0}
{"name":"app","hostname":"sbauscatherine2","pid":23004,"level":50,"err":"Error\n    at new NotFound (/Users/catherinesil/Desktop/Projects/my-website/server/errors/not-found.js:7:16)\n    at /Users/catherinesil/Desktop/Projects/my-website/server/file-system-repository-strategy/content-repository.js:190:16\n    at f (/Users/catherinesil/Desktop/Projects/my-website/node_modules/once/once.js:17:25)\n    at Glob.<anonymous> (/Users/catherinesil/Desktop/Projects/my-website/node_modules/glob/glob.js:130:7)\n    at emitOne (events.js:77:13)\n    at Glob.emit (events.js:169:7)\n    at Glob._finish (/Users/catherinesil/Desktop/Projects/my-website/node_modules/glob/glob.js:167:8)\n    at done (/Users/catherinesil/Desktop/Projects/my-website/node_modules/glob/glob.js:156:12)\n    at Glob._processSimple2 (/Users/catherinesil/Desktop/Projects/my-website/node_modules/glob/glob.js:570:12)\n    at /Users/catherinesil/Desktop/Projects/my-website/node_modules/glob/glob.js:558:10","msg":"There was an error while handling the request","time":"2016-05-22T18:22:59.035Z","v":0}
{"name":"app","hostname":"sbauscatherine2","pid":23004,"component":"express-loader","level":30,"msg":"/assets/dist/main.css - GET - 200","time":"2016-05-22T18:22:59.110Z","v":0}
{"name":"app","hostname":"sbauscatherine2","pid":23004,"component":"express-loader","level":30,"msg":"/assets/dist/bundle.js - GET - 200","time":"2016-05-22T18:22:59.111Z","v":0}
{"name":"app","hostname":"sbauscatherine2","pid":23004,"component":"express-loader","level":30,"msg":"/api/resource/content;actionType=single;slug=welcome-to-cathy - GET - 200","time":"2016-05-22T18:23:10.037Z","v":0}
{"name":"app","hostname":"sbauscatherine2","pid":23004,"component":"express-loader","level":30,"msg":"/api/resource/content;actionType=list;page=1 - GET - 200","time":"2016-05-22T18:23:11.520Z","v":0}
{"name":"app","hostname":"sbauscatherine2","pid":30678,"component":"morpheus","level":30,"msg":"creating express application","time":"2016-05-22T18:23:40.109Z","v":0}
{"name":"app","hostname":"sbauscatherine2","pid":30678,"component":"morpheus","level":30,"msg":"Worker 30678 is running morpheus@0.0.1-alpha1 in development mode on port 3000","time":"2016-05-22T18:23:40.172Z","v":0}
{"name":"app","hostname":"sbauscatherine2","pid":30711,"component":"morpheus","level":30,"msg":"creating express application","time":"2016-05-22T18:23:48.888Z","v":0}
{"name":"app","hostname":"sbauscatherine2","pid":30711,"component":"morpheus","level":30,"msg":"Worker 30711 is running morpheus@0.0.1-alpha1 in development mode on port 3000","time":"2016-05-22T18:23:48.945Z","v":0}
{"name":"app","hostname":"sbauscatherine2","pid":30711,"component":"express-loader","level":30,"msg":"/ - GET - 200","time":"2016-05-22T18:23:49.033Z","v":0}
{"name":"app","hostname":"sbauscatherine2","pid":30711,"component":"express-loader","level":30,"msg":"/assets/dist/main.css - GET - 200","time":"2016-05-22T18:23:49.150Z","v":0}
{"name":"app","hostname":"sbauscatherine2","pid":30711,"component":"express-loader","level":30,"msg":"/assets/dist/bundle.js - GET - 200","time":"2016-05-22T18:23:49.151Z","v":0}
{"name":"app","hostname":"sbauscatherine2","pid":30711,"component":"express-loader","level":30,"msg":"/assets/dist/images/bg.jpg - GET - 200","time":"2016-05-22T18:23:49.465Z","v":0}
{"name":"app","hostname":"sbauscatherine2","pid":30711,"component":"express-loader","level":30,"msg":"/images/bg.jpg - GET - 200","time":"2016-05-22T18:23:49.465Z","v":0}
{"name":"app","hostname":"sbauscatherine2","pid":30711,"component":"express-loader","level":30,"msg":"/assets/img/loader.svg - GET - 200","time":"2016-05-22T18:23:49.468Z","v":0}
{"name":"app","hostname":"sbauscatherine2","pid":30711,"component":"express-loader","level":30,"msg":"/assets/dist/images/bg.jpg/ - GET - 200","time":"2016-05-22T18:23:49.519Z","v":0}
{"name":"app","hostname":"sbauscatherine2","pid":30711,"component":"express-loader","level":30,"msg":"/images/bg.jpg/ - GET - 200","time":"2016-05-22T18:23:49.521Z","v":0}
{"name":"app","hostname":"sbauscatherine2","pid":30711,"level":50,"err":"Error: Url does not exist\n    at module.exports (/Users/catherinesil/Desktop/Projects/my-website/node_modules/flux-router-component/actions/navigate.js:30:19)\n    at Immediate.executeActionImmediate [as _onImmediate] (/Users/catherinesil/Desktop/Projects/my-website/node_modules/fluxible/lib/FluxibleContext.js:87:9)\n    at processImmediate [as _immediateCallback] (timers.js:383:17)","msg":"There was an error while handling the request","time":"2016-05-22T18:23:49.526Z","v":0}
{"name":"app","hostname":"sbauscatherine2","pid":30711,"level":50,"err":"Error\n    at new NotFound (/Users/catherinesil/Desktop/Projects/my-website/server/errors/not-found.js:7:16)\n    at /Users/catherinesil/Desktop/Projects/my-website/server/file-system-repository-strategy/content-repository.js:190:16\n    at f (/Users/catherinesil/Desktop/Projects/my-website/node_modules/once/once.js:17:25)\n    at Glob.<anonymous> (/Users/catherinesil/Desktop/Projects/my-website/node_modules/glob/glob.js:130:7)\n    at emitOne (events.js:77:13)\n    at Glob.emit (events.js:169:7)\n    at Glob._finish (/Users/catherinesil/Desktop/Projects/my-website/node_modules/glob/glob.js:167:8)\n    at done (/Users/catherinesil/Desktop/Projects/my-website/node_modules/glob/glob.js:156:12)\n    at Glob._processSimple2 (/Users/catherinesil/Desktop/Projects/my-website/node_modules/glob/glob.js:570:12)\n    at /Users/catherinesil/Desktop/Projects/my-website/node_modules/glob/glob.js:558:10","msg":"There was an error while handling the request","time":"2016-05-22T18:23:49.534Z","v":0}
{"name":"app","hostname":"sbauscatherine2","pid":30711,"component":"express-loader","level":30,"msg":"/ - GET - 200","time":"2016-05-22T18:26:09.203Z","v":0}
{"name":"app","hostname":"sbauscatherine2","pid":30711,"component":"express-loader","level":30,"msg":"/assets/dist/main.css - GET - 200","time":"2016-05-22T18:26:09.277Z","v":0}
{"name":"app","hostname":"sbauscatherine2","pid":30711,"component":"express-loader","level":30,"msg":"/assets/dist/bundle.js - GET - 200","time":"2016-05-22T18:26:09.278Z","v":0}
{"name":"app","hostname":"sbauscatherine2","pid":30711,"component":"express-loader","level":30,"msg":"/assets/dist/images/bg.jpg - GET - 200","time":"2016-05-22T18:26:09.293Z","v":0}
{"name":"app","hostname":"sbauscatherine2","pid":30711,"component":"express-loader","level":30,"msg":"/images/bg.jpg - GET - 200","time":"2016-05-22T18:26:09.293Z","v":0}
{"name":"app","hostname":"sbauscatherine2","pid":30711,"component":"express-loader","level":30,"msg":"/assets/dist/images/bg.jpg/ - GET - 200","time":"2016-05-22T18:26:09.307Z","v":0}
{"name":"app","hostname":"sbauscatherine2","pid":30711,"component":"express-loader","level":30,"msg":"/images/bg.jpg/ - GET - 200","time":"2016-05-22T18:26:09.307Z","v":0}
{"name":"app","hostname":"sbauscatherine2","pid":30711,"level":50,"err":"Error: Url does not exist\n    at module.exports (/Users/catherinesil/Desktop/Projects/my-website/node_modules/flux-router-component/actions/navigate.js:30:19)\n    at Immediate.executeActionImmediate [as _onImmediate] (/Users/catherinesil/Desktop/Projects/my-website/node_modules/fluxible/lib/FluxibleContext.js:87:9)\n    at processImmediate [as _immediateCallback] (timers.js:383:17)","msg":"There was an error while handling the request","time":"2016-05-22T18:26:09.311Z","v":0}
{"name":"app","hostname":"sbauscatherine2","pid":30711,"level":50,"err":"Error\n    at new NotFound (/Users/catherinesil/Desktop/Projects/my-website/server/errors/not-found.js:7:16)\n    at /Users/catherinesil/Desktop/Projects/my-website/server/file-system-repository-strategy/content-repository.js:190:16\n    at f (/Users/catherinesil/Desktop/Projects/my-website/node_modules/once/once.js:17:25)\n    at Glob.<anonymous> (/Users/catherinesil/Desktop/Projects/my-website/node_modules/glob/glob.js:130:7)\n    at emitOne (events.js:77:13)\n    at Glob.emit (events.js:169:7)\n    at Glob._finish (/Users/catherinesil/Desktop/Projects/my-website/node_modules/glob/glob.js:167:8)\n    at done (/Users/catherinesil/Desktop/Projects/my-website/node_modules/glob/glob.js:156:12)\n    at Glob._processSimple2 (/Users/catherinesil/Desktop/Projects/my-website/node_modules/glob/glob.js:570:12)\n    at /Users/catherinesil/Desktop/Projects/my-website/node_modules/glob/glob.js:558:10","msg":"There was an error while handling the request","time":"2016-05-22T18:26:09.315Z","v":0}
{"name":"app","hostname":"sbauscatherine2","pid":30711,"component":"express-loader","level":30,"msg":"/assets/img/loader.svg - GET - 200","time":"2016-05-22T18:26:09.538Z","v":0}
{"name":"app","hostname":"sbauscatherine2","pid":30711,"component":"express-loader","level":30,"msg":"/ - GET - 200","time":"2016-05-22T18:26:11.129Z","v":0}
{"name":"app","hostname":"sbauscatherine2","pid":30711,"component":"express-loader","level":30,"msg":"/assets/dist/main.css - GET - 200","time":"2016-05-22T18:26:11.195Z","v":0}
{"name":"app","hostname":"sbauscatherine2","pid":30711,"component":"express-loader","level":30,"msg":"/assets/dist/bundle.js - GET - 200","time":"2016-05-22T18:26:11.196Z","v":0}
{"name":"app","hostname":"sbauscatherine2","pid":30711,"component":"express-loader","level":30,"msg":"/assets/dist/images/bg.jpg - GET - 200","time":"2016-05-22T18:26:11.427Z","v":0}
{"name":"app","hostname":"sbauscatherine2","pid":30711,"component":"express-loader","level":30,"msg":"/images/bg.jpg - GET - 200","time":"2016-05-22T18:26:11.428Z","v":0}
{"name":"app","hostname":"sbauscatherine2","pid":30711,"component":"express-loader","level":30,"msg":"/assets/img/loader.svg - GET - 200","time":"2016-05-22T18:26:11.428Z","v":0}
{"name":"app","hostname":"sbauscatherine2","pid":30711,"component":"express-loader","level":30,"msg":"/assets/dist/images/bg.jpg/ - GET - 200","time":"2016-05-22T18:26:11.484Z","v":0}
{"name":"app","hostname":"sbauscatherine2","pid":30711,"component":"express-loader","level":30,"msg":"/images/bg.jpg/ - GET - 200","time":"2016-05-22T18:26:11.484Z","v":0}
{"name":"app","hostname":"sbauscatherine2","pid":30711,"level":50,"err":"Error: Url does not exist\n    at module.exports (/Users/catherinesil/Desktop/Projects/my-website/node_modules/flux-router-component/actions/navigate.js:30:19)\n    at Immediate.executeActionImmediate [as _onImmediate] (/Users/catherinesil/Desktop/Projects/my-website/node_modules/fluxible/lib/FluxibleContext.js:87:9)\n    at processImmediate [as _immediateCallback] (timers.js:383:17)","msg":"There was an error while handling the request","time":"2016-05-22T18:26:11.488Z","v":0}
{"name":"app","hostname":"sbauscatherine2","pid":30711,"level":50,"err":"Error\n    at new NotFound (/Users/catherinesil/Desktop/Projects/my-website/server/errors/not-found.js:7:16)\n    at /Users/catherinesil/Desktop/Projects/my-website/server/file-system-repository-strategy/content-repository.js:190:16\n    at f (/Users/catherinesil/Desktop/Projects/my-website/node_modules/once/once.js:17:25)\n    at Glob.<anonymous> (/Users/catherinesil/Desktop/Projects/my-website/node_modules/glob/glob.js:130:7)\n    at emitOne (events.js:77:13)\n    at Glob.emit (events.js:169:7)\n    at Glob._finish (/Users/catherinesil/Desktop/Projects/my-website/node_modules/glob/glob.js:167:8)\n    at done (/Users/catherinesil/Desktop/Projects/my-website/node_modules/glob/glob.js:156:12)\n    at Glob._processSimple2 (/Users/catherinesil/Desktop/Projects/my-website/node_modules/glob/glob.js:570:12)\n    at /Users/catherinesil/Desktop/Projects/my-website/node_modules/glob/glob.js:558:10","msg":"There was an error while handling the request","time":"2016-05-22T18:26:11.491Z","v":0}
{"name":"app","hostname":"sbauscatherine2","pid":30738,"component":"morpheus","level":30,"msg":"creating express application","time":"2016-05-22T18:26:40.265Z","v":0}
{"name":"app","hostname":"sbauscatherine2","pid":30738,"component":"morpheus","level":30,"msg":"Worker 30738 is running morpheus@0.0.1-alpha1 in development mode on port 3000","time":"2016-05-22T18:26:40.325Z","v":0}
{"name":"app","hostname":"sbauscatherine2","pid":30738,"component":"express-loader","level":30,"msg":"/ - GET - 200","time":"2016-05-22T18:26:49.042Z","v":0}
{"name":"app","hostname":"sbauscatherine2","pid":30738,"component":"express-loader","level":30,"msg":"/assets/dist/main.css - GET - 200","time":"2016-05-22T18:26:49.172Z","v":0}
{"name":"app","hostname":"sbauscatherine2","pid":30738,"component":"express-loader","level":30,"msg":"/assets/dist/bundle.js - GET - 200","time":"2016-05-22T18:26:49.173Z","v":0}
{"name":"app","hostname":"sbauscatherine2","pid":30738,"component":"express-loader","level":30,"msg":"/assets/dist/images/bg.jpg - GET - 200","time":"2016-05-22T18:26:49.195Z","v":0}
{"name":"app","hostname":"sbauscatherine2","pid":30738,"component":"express-loader","level":30,"msg":"/images/bg.jpg - GET - 200","time":"2016-05-22T18:26:49.195Z","v":0}
{"name":"app","hostname":"sbauscatherine2","pid":30738,"component":"express-loader","level":30,"msg":"/assets/dist/images/bg.jpg/ - GET - 200","time":"2016-05-22T18:26:49.210Z","v":0}
{"name":"app","hostname":"sbauscatherine2","pid":30738,"component":"express-loader","level":30,"msg":"/images/bg.jpg/ - GET - 200","time":"2016-05-22T18:26:49.210Z","v":0}
{"name":"app","hostname":"sbauscatherine2","pid":30738,"level":50,"err":"Error: Url does not exist\n    at module.exports (/Users/catherinesil/Desktop/Projects/my-website/node_modules/flux-router-component/actions/navigate.js:30:19)\n    at Immediate.executeActionImmediate [as _onImmediate] (/Users/catherinesil/Desktop/Projects/my-website/node_modules/fluxible/lib/FluxibleContext.js:87:9)\n    at processImmediate [as _immediateCallback] (timers.js:383:17)","msg":"There was an error while handling the request","time":"2016-05-22T18:26:49.217Z","v":0}
{"name":"app","hostname":"sbauscatherine2","pid":30738,"level":50,"err":"Error\n    at new NotFound (/Users/catherinesil/Desktop/Projects/my-website/server/errors/not-found.js:7:16)\n    at /Users/catherinesil/Desktop/Projects/my-website/server/file-system-repository-strategy/content-repository.js:190:16\n    at f (/Users/catherinesil/Desktop/Projects/my-website/node_modules/once/once.js:17:25)\n    at Glob.<anonymous> (/Users/catherinesil/Desktop/Projects/my-website/node_modules/glob/glob.js:130:7)\n    at emitOne (events.js:77:13)\n    at Glob.emit (events.js:169:7)\n    at Glob._finish (/Users/catherinesil/Desktop/Projects/my-website/node_modules/glob/glob.js:167:8)\n    at done (/Users/catherinesil/Desktop/Projects/my-website/node_modules/glob/glob.js:156:12)\n    at Glob._processSimple2 (/Users/catherinesil/Desktop/Projects/my-website/node_modules/glob/glob.js:570:12)\n    at /Users/catherinesil/Desktop/Projects/my-website/node_modules/glob/glob.js:558:10","msg":"There was an error while handling the request","time":"2016-05-22T18:26:49.228Z","v":0}
{"name":"app","hostname":"sbauscatherine2","pid":30738,"component":"express-loader","level":30,"msg":"/assets/img/loader.svg - GET - 200","time":"2016-05-22T18:26:49.434Z","v":0}
{"name":"app","hostname":"sbauscatherine2","pid":30738,"component":"express-loader","level":30,"msg":"/ - GET - 200","time":"2016-05-22T18:31:39.181Z","v":0}
{"name":"app","hostname":"sbauscatherine2","pid":30738,"component":"express-loader","level":30,"msg":"/assets/dist/main.css - GET - 200","time":"2016-05-22T18:31:39.267Z","v":0}
{"name":"app","hostname":"sbauscatherine2","pid":30738,"component":"express-loader","level":30,"msg":"/assets/dist/bundle.js - GET - 200","time":"2016-05-22T18:31:39.268Z","v":0}
{"name":"app","hostname":"sbauscatherine2","pid":30738,"component":"express-loader","level":30,"msg":"/assets/img/loader.svg - GET - 200","time":"2016-05-22T18:31:39.517Z","v":0}
{"name":"app","hostname":"sbauscatherine2","pid":30738,"component":"express-loader","level":30,"msg":"/assets/dist/images/bg.jpg/ - GET - 200","time":"2016-05-22T18:31:39.575Z","v":0}
{"name":"app","hostname":"sbauscatherine2","pid":30738,"component":"express-loader","level":30,"msg":"/images/bg.jpg/ - GET - 200","time":"2016-05-22T18:31:39.576Z","v":0}
{"name":"app","hostname":"sbauscatherine2","pid":30738,"level":50,"err":"Error: Url does not exist\n    at module.exports (/Users/catherinesil/Desktop/Projects/my-website/node_modules/flux-router-component/actions/navigate.js:30:19)\n    at Immediate.executeActionImmediate [as _onImmediate] (/Users/catherinesil/Desktop/Projects/my-website/node_modules/fluxible/lib/FluxibleContext.js:87:9)\n    at processImmediate [as _immediateCallback] (timers.js:383:17)","msg":"There was an error while handling the request","time":"2016-05-22T18:31:39.579Z","v":0}
{"name":"app","hostname":"sbauscatherine2","pid":30738,"level":50,"err":"Error\n    at new NotFound (/Users/catherinesil/Desktop/Projects/my-website/server/errors/not-found.js:7:16)\n    at /Users/catherinesil/Desktop/Projects/my-website/server/file-system-repository-strategy/content-repository.js:190:16\n    at f (/Users/catherinesil/Desktop/Projects/my-website/node_modules/once/once.js:17:25)\n    at Glob.<anonymous> (/Users/catherinesil/Desktop/Projects/my-website/node_modules/glob/glob.js:130:7)\n    at emitOne (events.js:77:13)\n    at Glob.emit (events.js:169:7)\n    at Glob._finish (/Users/catherinesil/Desktop/Projects/my-website/node_modules/glob/glob.js:167:8)\n    at done (/Users/catherinesil/Desktop/Projects/my-website/node_modules/glob/glob.js:156:12)\n    at Glob._processSimple2 (/Users/catherinesil/Desktop/Projects/my-website/node_modules/glob/glob.js:570:12)\n    at /Users/catherinesil/Desktop/Projects/my-website/node_modules/glob/glob.js:558:10","msg":"There was an error while handling the request","time":"2016-05-22T18:31:39.583Z","v":0}
{"name":"app","hostname":"sbauscatherine2","pid":30738,"component":"express-loader","level":30,"msg":"/ - GET - 200","time":"2016-05-22T18:40:50.194Z","v":0}
{"name":"app","hostname":"sbauscatherine2","pid":30738,"component":"express-loader","level":30,"msg":"/assets/dist/main.css - GET - 200","time":"2016-05-22T18:40:50.288Z","v":0}
{"name":"app","hostname":"sbauscatherine2","pid":30738,"component":"express-loader","level":30,"msg":"/assets/dist/bundle.js - GET - 200","time":"2016-05-22T18:40:50.289Z","v":0}
{"name":"app","hostname":"sbauscatherine2","pid":30738,"component":"express-loader","level":30,"msg":"/assets/dist/images/bg.jpg - GET - 200","time":"2016-05-22T18:40:50.551Z","v":0}
{"name":"app","hostname":"sbauscatherine2","pid":30738,"component":"express-loader","level":30,"msg":"/images/bg.jpg - GET - 200","time":"2016-05-22T18:40:50.552Z","v":0}
{"name":"app","hostname":"sbauscatherine2","pid":30738,"component":"express-loader","level":30,"msg":"/assets/img/loader.svg - GET - 200","time":"2016-05-22T18:40:50.554Z","v":0}
{"name":"app","hostname":"sbauscatherine2","pid":30738,"component":"express-loader","level":30,"msg":"/assets/dist/images/bg.jpg/ - GET - 200","time":"2016-05-22T18:40:50.606Z","v":0}
{"name":"app","hostname":"sbauscatherine2","pid":30738,"component":"express-loader","level":30,"msg":"/images/bg.jpg/ - GET - 200","time":"2016-05-22T18:40:50.608Z","v":0}
{"name":"app","hostname":"sbauscatherine2","pid":30738,"level":50,"err":"Error: Url does not exist\n    at module.exports (/Users/catherinesil/Desktop/Projects/my-website/node_modules/flux-router-component/actions/navigate.js:30:19)\n    at Immediate.executeActionImmediate [as _onImmediate] (/Users/catherinesil/Desktop/Projects/my-website/node_modules/fluxible/lib/FluxibleContext.js:87:9)\n    at processImmediate [as _immediateCallback] (timers.js:383:17)","msg":"There was an error while handling the request","time":"2016-05-22T18:40:50.610Z","v":0}
{"name":"app","hostname":"sbauscatherine2","pid":30738,"level":50,"err":"Error\n    at new NotFound (/Users/catherinesil/Desktop/Projects/my-website/server/errors/not-found.js:7:16)\n    at /Users/catherinesil/Desktop/Projects/my-website/server/file-system-repository-strategy/content-repository.js:190:16\n    at f (/Users/catherinesil/Desktop/Projects/my-website/node_modules/once/once.js:17:25)\n    at Glob.<anonymous> (/Users/catherinesil/Desktop/Projects/my-website/node_modules/glob/glob.js:130:7)\n    at emitOne (events.js:77:13)\n    at Glob.emit (events.js:169:7)\n    at Glob._finish (/Users/catherinesil/Desktop/Projects/my-website/node_modules/glob/glob.js:167:8)\n    at done (/Users/catherinesil/Desktop/Projects/my-website/node_modules/glob/glob.js:156:12)\n    at Glob._processSimple2 (/Users/catherinesil/Desktop/Projects/my-website/node_modules/glob/glob.js:570:12)\n    at /Users/catherinesil/Desktop/Projects/my-website/node_modules/glob/glob.js:558:10","msg":"There was an error while handling the request","time":"2016-05-22T18:40:50.614Z","v":0}
{"name":"app","hostname":"sbauscatherine2","pid":30738,"component":"express-loader","level":30,"msg":"/assets/dist/images/bg.jpg - GET - 200","time":"2016-05-22T18:40:58.709Z","v":0}
{"name":"app","hostname":"sbauscatherine2","pid":30738,"component":"express-loader","level":30,"msg":"/images/bg.jpg - GET - 200","time":"2016-05-22T18:40:58.709Z","v":0}
{"name":"app","hostname":"sbauscatherine2","pid":30805,"component":"morpheus","level":30,"msg":"creating express application","time":"2016-05-22T18:41:16.121Z","v":0}
{"name":"app","hostname":"sbauscatherine2","pid":30805,"component":"morpheus","level":30,"msg":"Worker 30805 is running morpheus@0.0.1-alpha1 in development mode on port 3000","time":"2016-05-22T18:41:16.185Z","v":0}
{"name":"app","hostname":"sbauscatherine2","pid":30805,"component":"express-loader","level":30,"msg":"/ - GET - 200","time":"2016-05-22T18:41:19.368Z","v":0}
{"name":"app","hostname":"sbauscatherine2","pid":30805,"component":"express-loader","level":30,"msg":"/assets/dist/main.css - GET - 200","time":"2016-05-22T18:41:19.491Z","v":0}
{"name":"app","hostname":"sbauscatherine2","pid":30805,"component":"express-loader","level":30,"msg":"/assets/dist/bundle.js - GET - 200","time":"2016-05-22T18:41:19.492Z","v":0}
{"name":"app","hostname":"sbauscatherine2","pid":30805,"component":"express-loader","level":30,"msg":"/assets/dist/images/bg.jpg - GET - 200","time":"2016-05-22T18:41:19.511Z","v":0}
{"name":"app","hostname":"sbauscatherine2","pid":30805,"component":"express-loader","level":30,"msg":"/images/bg.jpg - GET - 200","time":"2016-05-22T18:41:19.512Z","v":0}
{"name":"app","hostname":"sbauscatherine2","pid":30805,"component":"express-loader","level":30,"msg":"/assets/dist/images/bg.jpg/ - GET - 200","time":"2016-05-22T18:41:19.527Z","v":0}
{"name":"app","hostname":"sbauscatherine2","pid":30805,"component":"express-loader","level":30,"msg":"/images/bg.jpg/ - GET - 200","time":"2016-05-22T18:41:19.527Z","v":0}
{"name":"app","hostname":"sbauscatherine2","pid":30805,"level":50,"err":"Error: Url does not exist\n    at module.exports (/Users/catherinesil/Desktop/Projects/my-website/node_modules/flux-router-component/actions/navigate.js:30:19)\n    at Immediate.executeActionImmediate [as _onImmediate] (/Users/catherinesil/Desktop/Projects/my-website/node_modules/fluxible/lib/FluxibleContext.js:87:9)\n    at processImmediate [as _immediateCallback] (timers.js:383:17)","msg":"There was an error while handling the request","time":"2016-05-22T18:41:19.537Z","v":0}
{"name":"app","hostname":"sbauscatherine2","pid":30805,"level":50,"err":"Error\n    at new NotFound (/Users/catherinesil/Desktop/Projects/my-website/server/errors/not-found.js:7:16)\n    at /Users/catherinesil/Desktop/Projects/my-website/server/file-system-repository-strategy/content-repository.js:190:16\n    at f (/Users/catherinesil/Desktop/Projects/my-website/node_modules/once/once.js:17:25)\n    at Glob.<anonymous> (/Users/catherinesil/Desktop/Projects/my-website/node_modules/glob/glob.js:130:7)\n    at emitOne (events.js:77:13)\n    at Glob.emit (events.js:169:7)\n    at Glob._finish (/Users/catherinesil/Desktop/Projects/my-website/node_modules/glob/glob.js:167:8)\n    at done (/Users/catherinesil/Desktop/Projects/my-website/node_modules/glob/glob.js:156:12)\n    at Glob._processSimple2 (/Users/catherinesil/Desktop/Projects/my-website/node_modules/glob/glob.js:570:12)\n    at /Users/catherinesil/Desktop/Projects/my-website/node_modules/glob/glob.js:558:10","msg":"There was an error while handling the request","time":"2016-05-22T18:41:19.546Z","v":0}
{"name":"app","hostname":"sbauscatherine2","pid":30805,"component":"express-loader","level":30,"msg":"/assets/img/loader.svg - GET - 200","time":"2016-05-22T18:41:19.748Z","v":0}
{"name":"app","hostname":"sbauscatherine2","pid":30844,"component":"morpheus","level":30,"msg":"creating express application","time":"2016-05-22T18:41:38.942Z","v":0}
{"name":"app","hostname":"sbauscatherine2","pid":30844,"component":"morpheus","level":30,"msg":"Worker 30844 is running morpheus@0.0.1-alpha1 in development mode on port 3000","time":"2016-05-22T18:41:39.001Z","v":0}
{"name":"app","hostname":"sbauscatherine2","pid":30857,"component":"morpheus","level":30,"msg":"creating express application","time":"2016-05-22T18:41:45.801Z","v":0}
{"name":"app","hostname":"sbauscatherine2","pid":30857,"component":"morpheus","level":30,"msg":"Worker 30857 is running morpheus@0.0.1-alpha1 in development mode on port 3000","time":"2016-05-22T18:41:45.870Z","v":0}
{"name":"app","hostname":"sbauscatherine2","pid":30857,"component":"express-loader","level":30,"msg":"/ - GET - 200","time":"2016-05-22T18:41:46.315Z","v":0}
{"name":"app","hostname":"sbauscatherine2","pid":30857,"component":"express-loader","level":30,"msg":"/assets/dist/main.css - GET - 200","time":"2016-05-22T18:41:46.431Z","v":0}
{"name":"app","hostname":"sbauscatherine2","pid":30857,"component":"express-loader","level":30,"msg":"/assets/dist/bundle.js - GET - 200","time":"2016-05-22T18:41:46.432Z","v":0}
{"name":"app","hostname":"sbauscatherine2","pid":30857,"component":"express-loader","level":30,"msg":"/assets/dist/images/bg.jpg/ - GET - 200","time":"2016-05-22T18:41:46.460Z","v":0}
{"name":"app","hostname":"sbauscatherine2","pid":30857,"component":"express-loader","level":30,"msg":"/images/bg.jpg/ - GET - 200","time":"2016-05-22T18:41:46.461Z","v":0}
{"name":"app","hostname":"sbauscatherine2","pid":30857,"level":50,"err":"Error: Url does not exist\n    at module.exports (/Users/catherinesil/Desktop/Projects/my-website/node_modules/flux-router-component/actions/navigate.js:30:19)\n    at Immediate.executeActionImmediate [as _onImmediate] (/Users/catherinesil/Desktop/Projects/my-website/node_modules/fluxible/lib/FluxibleContext.js:87:9)\n    at processImmediate [as _immediateCallback] (timers.js:383:17)","msg":"There was an error while handling the request","time":"2016-05-22T18:41:46.469Z","v":0}
{"name":"app","hostname":"sbauscatherine2","pid":30857,"level":50,"err":"Error\n    at new NotFound (/Users/catherinesil/Desktop/Projects/my-website/server/errors/not-found.js:7:16)\n    at /Users/catherinesil/Desktop/Projects/my-website/server/file-system-repository-strategy/content-repository.js:190:16\n    at f (/Users/catherinesil/Desktop/Projects/my-website/node_modules/once/once.js:17:25)\n    at Glob.<anonymous> (/Users/catherinesil/Desktop/Projects/my-website/node_modules/glob/glob.js:130:7)\n    at emitOne (events.js:77:13)\n    at Glob.emit (events.js:169:7)\n    at Glob._finish (/Users/catherinesil/Desktop/Projects/my-website/node_modules/glob/glob.js:167:8)\n    at done (/Users/catherinesil/Desktop/Projects/my-website/node_modules/glob/glob.js:156:12)\n    at Glob._processSimple2 (/Users/catherinesil/Desktop/Projects/my-website/node_modules/glob/glob.js:570:12)\n    at /Users/catherinesil/Desktop/Projects/my-website/node_modules/glob/glob.js:558:10","msg":"There was an error while handling the request","time":"2016-05-22T18:41:46.480Z","v":0}
{"name":"app","hostname":"sbauscatherine2","pid":30857,"component":"express-loader","level":30,"msg":"/assets/img/loader.svg - GET - 200","time":"2016-05-22T18:41:46.698Z","v":0}
